[debug] [2020-04-25T21:42:52.322Z] ----------------------------------------------------------------------
[debug] [2020-04-25T21:42:52.325Z] Command:       C:\Program Files\nodejs\node.exe C:\Users\abhis\AppData\Roaming\npm\node_modules\firebase-tools\lib\bin\firebase.js init
[debug] [2020-04-25T21:42:52.325Z] CLI Version:   7.8.1
[debug] [2020-04-25T21:42:52.325Z] Platform:      win32
[debug] [2020-04-25T21:42:52.325Z] Node Version:  v12.14.0
[debug] [2020-04-25T21:42:52.332Z] Time:          Sat Apr 25 2020 14:42:52 GMT-0700 (Pacific Daylight Time)
[debug] [2020-04-25T21:42:52.332Z] ----------------------------------------------------------------------
[debug] [2020-04-25T21:42:52.333Z] 
[debug] [2020-04-25T21:42:52.354Z] > command requires scopes: ["email","openid","https://www.googleapis.com/auth/cloudplatformprojects.readonly","https://www.googleapis.com/auth/firebase","https://www.googleapis.com/auth/cloud-platform"]
[debug] [2020-04-25T21:42:52.359Z] > authorizing via signed-in user
[info] 
     ######## #### ########  ######## ########     ###     ######  ########
     ##        ##  ##     ## ##       ##     ##  ##   ##  ##       ##
     ######    ##  ########  ######   ########  #########  ######  ######
     ##        ##  ##    ##  ##       ##     ## ##     ##       ## ##
     ##       #### ##     ## ######## ########  ##     ##  ######  ########

You're about to initialize a Firebase project in this directory:

  C:\Users\abhis\Desktop\hack

[info] 
=== Project Setup
[info] 
[info] First, let's associate this project directory with a Firebase project.
[info] You can create multiple project aliases by running firebase use --add, 
[info] but for now we'll just set up a default project.
[info] 
[debug] [2020-04-25T21:43:01.501Z] >>> HTTP REQUEST GET https://firebase.googleapis.com/v1beta1/projects?pageSize=100  
 
[debug] [2020-04-25T21:43:01.892Z] <<< HTTP RESPONSE 200
[info] i  Using project chemo-ae40b (chemo)
[info] 
=== Hosting Setup
[info] 
[info] Your public directory is the folder (relative to your project directory) that
[info] will contain Hosting assets to be uploaded with firebase deploy. If you
[info] have a build process for your assets, use your build's output directory.
[info] 
[debug] [2020-04-25T21:43:36.843Z] >>> HTTP REQUEST GET https://www.gstatic.com/firebasejs/releases.json  
 
[debug] [2020-04-25T21:43:37.019Z] <<< HTTP RESPONSE 200
[debug] [2020-04-25T21:43:37.023Z] Error: ENOENT: no such file or directory, open 'C:\Users\abhis\Desktop\hack\index.html\index.html'
    at Object.openSync (fs.js:440:3)
    at Object.writeFileSync (fs.js:1265:35)
    at Object.createFileSync (C:\Users\abhis\AppData\Roaming\npm\node_modules\firebase-tools\node_modules\fs-extra\lib\ensure\file.js:34:6)
    at Config.writeProjectFile (C:\Users\abhis\AppData\Roaming\npm\node_modules\firebase-tools\lib\config.js:178:8)
    at C:\Users\abhis\AppData\Roaming\npm\node_modules\firebase-tools\lib\config.js:197:18
    at processTicksAndRejections (internal/process/task_queues.js:93:5)
[error] 
[error] Error: An unexpected error has occurred.
